<?xml version="1.0" encoding="UTF-8"?>
<testng-results skipped="0" failed="0" ignored="0" total="1" passed="1">
  <reporter-output>
  </reporter-output>
  <suite name="Default suite" duration-ms="25159" started-at="2018-04-04T17:27:16Z" finished-at="2018-04-04T17:27:41Z">
    <groups>
    </groups>
    <test name="Default test" duration-ms="25159" started-at="2018-04-04T17:27:16Z" finished-at="2018-04-04T17:27:41Z">
      <class name="FlightBookingTest">
        <test-method status="PASS" signature="testThatResultsAppearForAOneWayJourney()[pri:0, instance:FlightBookingTest@2a5ca609]" name="testThatResultsAppearForAOneWayJourney" duration-ms="25133" started-at="2018-04-04T22:57:16Z" finished-at="2018-04-04T22:57:41Z">
          <reporter-output>
          </reporter-output>
        </test-method> <!-- testThatResultsAppearForAOneWayJourney -->
      </class> <!-- FlightBookingTest -->
    </test> <!-- Default test -->
  </suite> <!-- Default suite -->
</testng-results>
